<?xml version="1.0" encoding="UTF-8"?>
<testng-results skipped="0" failed="0" total="1" passed="1">
  <reporter-output>
  </reporter-output>
  <suite name="Default suite" duration-ms="1337" started-at="2016-02-16T21:20:03Z" finished-at="2016-02-16T21:20:04Z">
    <groups>
    </groups>
    <test name="Default test" duration-ms="1337" started-at="2016-02-16T21:20:03Z" finished-at="2016-02-16T21:20:04Z">
      <class name="org.chapter04.orphan.OrphanRemovalTest">
        <test-method status="PASS" signature="orphanRemovalTest()[pri:0, instance:org.chapter04.orphan.OrphanRemovalTest@c7b7af9]" name="orphanRemovalTest" duration-ms="1323" started-at="2016-02-16T23:20:03Z" finished-at="2016-02-16T23:20:04Z">
          <reporter-output>
          </reporter-output>
        </test-method> <!-- orphanRemovalTest -->
      </class> <!-- org.chapter04.orphan.OrphanRemovalTest -->
    </test> <!-- Default test -->
  </suite> <!-- Default suite -->
</testng-results>
