<?xml version="1.0" encoding="UTF-8"?>
<!-- Generated by org.testng.reporters.JUnitXMLReporter -->
<testsuite hostname="yikaraman-MacBookPro.local" name="Default test" tests="2" failures="0" timestamp="7 Feb 2016 20:10:58 GMT" time="1.109" errors="0">
  <testcase name="findAllRankings" time="1.091" classname="org.chapter03.hibernate.FindAllRankingsTest"/>
  <testcase name="findAllRankingsEmptySet" time="0.004" classname="org.chapter03.hibernate.FindAllRankingsTest"/>
</testsuite> <!-- Default test -->
