<?xml version="1.0" encoding="UTF-8"?>
<!-- Generated by org.testng.reporters.JUnitXMLReporter -->
<testsuite hostname="yikaraman-MacBookPro.local" name="Default test" tests="6" failures="0" timestamp="7 Feb 2016 19:06:46 GMT" time="1.174" errors="0">
  <testcase name="getEntityManager" time="1.072" classname="org.chapter00_util.JPA.JPASessionUtilTest"/>
  <testcase name="getSession" time="0.001" classname="org.chapter00_util.JPA.JPASessionUtilTest"/>
  <testcase name="nonexistentEntityManagerName" time="0.018" classname="org.chapter00_util.JPA.JPASessionUtilTest"/>
  <testcase name="nonexistentSessionName" time="0.016" classname="org.chapter00_util.JPA.JPASessionUtilTest"/>
  <testcase name="testEntityManager" time="0.044" classname="org.chapter00_util.JPA.JPASessionUtilTest"/>
  <testcase name="testSession" time="0.002" classname="org.chapter00_util.JPA.JPASessionUtilTest"/>
</testsuite> <!-- Default test -->
