<?xml version="1.0" encoding="UTF-8"?>
<testng-results skipped="0" failed="0" total="1" passed="1">
  <reporter-output>
  </reporter-output>
  <suite name="Default suite" duration-ms="1059" started-at="2016-02-14T18:52:27Z" finished-at="2016-02-14T18:52:28Z">
    <groups>
    </groups>
    <test name="Default test" duration-ms="1059" started-at="2016-02-14T18:52:27Z" finished-at="2016-02-14T18:52:28Z">
      <class name="org.chapter03.hibernate.TestRanking">
        <test-method status="PASS" signature="setup()[pri:0, instance:org.chapter03.hibernate.TestRanking@5ebd327b]" name="setup" is-config="true" duration-ms="846" started-at="2016-02-14T20:52:27Z" finished-at="2016-02-14T20:52:28Z">
          <reporter-output>
          </reporter-output>
        </test-method> <!-- setup -->
        <test-method status="PASS" signature="testRankings()[pri:0, instance:org.chapter03.hibernate.TestRanking@5ebd327b]" name="testRankings" duration-ms="203" started-at="2016-02-14T20:52:28Z" finished-at="2016-02-14T20:52:28Z">
          <reporter-output>
          </reporter-output>
        </test-method> <!-- testRankings -->
      </class> <!-- org.chapter03.hibernate.TestRanking -->
    </test> <!-- Default test -->
  </suite> <!-- Default suite -->
</testng-results>
