<?xml version="1.0" encoding="UTF-8"?>
<testng-results skipped="0" failed="0" total="2" passed="2">
  <reporter-output>
  </reporter-output>
  <suite name="Default suite" duration-ms="1109" started-at="2016-02-07T20:10:56Z" finished-at="2016-02-07T20:10:58Z">
    <groups>
    </groups>
    <test name="Default test" duration-ms="1109" started-at="2016-02-07T20:10:56Z" finished-at="2016-02-07T20:10:58Z">
      <class name="org.chapter03.hibernate.FindAllRankingsTest">
        <test-method status="PASS" signature="findAllRankings()[pri:0, instance:org.chapter03.hibernate.FindAllRankingsTest@4ca9cde2]" name="findAllRankings" duration-ms="1091" started-at="2016-02-07T22:10:57Z" finished-at="2016-02-07T22:10:58Z">
          <reporter-output>
          </reporter-output>
        </test-method> <!-- findAllRankings -->
        <test-method status="PASS" signature="findAllRankingsEmptySet()[pri:0, instance:org.chapter03.hibernate.FindAllRankingsTest@4ca9cde2]" name="findAllRankingsEmptySet" duration-ms="4" started-at="2016-02-07T22:10:58Z" finished-at="2016-02-07T22:10:58Z">
          <reporter-output>
          </reporter-output>
        </test-method> <!-- findAllRankingsEmptySet -->
      </class> <!-- org.chapter03.hibernate.FindAllRankingsTest -->
    </test> <!-- Default test -->
  </suite> <!-- Default suite -->
</testng-results>
